<?xml version="1.0" encoding="UTF-8"?>
<coverage generated="1609913845057" clover="3.2.0">
  <project timestamp="1609913845057" name="All files">
    <metrics statements="14" coveredstatements="2" conditionals="0" coveredconditionals="0" methods="6" coveredmethods="0" elements="20" coveredelements="2" complexity="0" loc="14" ncloc="14" packages="1" files="1" classes="1"/>
    <file name="comment_Form.js" path="D:\1.Integration\6thJanIntegration\Python_Shouts_App\shouts\frontend\src\components\ShowComment\comment_Form.js">
      <metrics statements="14" coveredstatements="2" conditionals="0" coveredconditionals="0" methods="6" coveredmethods="0"/>
      <line num="9" count="1" type="stmt"/>
      <line num="19" count="0" type="stmt"/>
      <line num="20" count="0" type="stmt"/>
      <line num="21" count="0" type="stmt"/>
      <line num="22" count="0" type="stmt"/>
      <line num="23" count="0" type="stmt"/>
      <line num="24" count="0" type="stmt"/>
      <line num="25" count="0" type="stmt"/>
      <line num="37" count="0" type="stmt"/>
      <line num="40" count="0" type="stmt"/>
      <line num="41" count="0" type="stmt"/>
      <line num="44" count="0" type="stmt"/>
      <line num="79" count="1" type="stmt"/>
      <line num="80" count="0" type="stmt"/>
    </file>
  </project>
</coverage>
